# JRE version: OpenJDK Runtime Environment (8.0_152-b02) (build 1.8.0_152-release-1024-b02)
# Java VM: OpenJDK 64-Bit Server VM (25.152-b02 mixed mode windows-amd64 compressed oops)
Heap:
 PSYoungGen      total 37888K, used 16617K [0x00000000e0000000, 0x00000000e2a00000, 0x0000000100000000)
  eden space 32768K, 38% used [0x00000000e0000000,0x00000000e0c31700,0x00000000e2000000)
  from space 5120K, 80% used [0x00000000e2500000,0x00000000e2908e40,0x00000000e2a00000)
  to   space 5120K, 0% used [0x00000000e2000000,0x00000000e2000000,0x00000000e2500000)
 ParOldGen       total 63488K, used 9241K [0x00000000a0000000, 0x00000000a3e00000, 0x00000000e0000000)
  object space 63488K, 14% used [0x00000000a0000000,0x00000000a09065b8,0x00000000a3e00000)
 Metaspace       used 25004K, capacity 25320K, committed 25600K, reserved 1071104K
  class space    used 3418K, capacity 3566K, committed 3584K, reserved 1048576K
GC Heap History (10 events):
Event: 3.940 GC heap before
{Heap before GC invocations=3 (full 0):
 PSYoungGen      total 37888K, used 37867K [0x00000000e0000000, 0x00000000e2a00000, 0x0000000100000000)
  eden space 32768K, 100% used [0x00000000e0000000,0x00000000e2000000,0x00000000e2000000)
  from space 5120K, 99% used [0x00000000e2500000,0x00000000e29fad60,0x00000000e2a00000)
  to   space 5120K, 0% used [0x00000000e2000000,0x00000000e2000000,0x00000000e2500000)
 ParOldGen       total 86016K, used 88K [0x00000000a0000000, 0x00000000a5400000, 0x00000000e0000000)
  object space 86016K, 0% used [0x00000000a0000000,0x00000000a0016160,0x00000000a5400000)
 Metaspace       used 13293K, capacity 13660K, committed 13824K, reserved 1060864K
  class space    used 1866K, capacity 2004K, committed 2048K, reserved 1048576K
Event: 3.948 GC heap after
Heap after GC invocations=3 (full 0):
 PSYoungGen      total 37888K, used 5096K [0x00000000e0000000, 0x00000000e2a00000, 0x0000000100000000)
  eden space 32768K, 0% used [0x00000000e0000000,0x00000000e0000000,0x00000000e2000000)
  from space 5120K, 99% used [0x00000000e2000000,0x00000000e24fa020,0x00000000e2500000)
  to   space 5120K, 0% used [0x00000000e2500000,0x00000000e2500000,0x00000000e2a00000)
 ParOldGen       total 86016K, used 2287K [0x00000000a0000000, 0x00000000a5400000, 0x00000000e0000000)
  object space 86016K, 2% used [0x00000000a0000000,0x00000000a023be80,0x00000000a5400000)
 Metaspace       used 13293K, capacity 13660K, committed 13824K, reserved 1060864K
  class space    used 1866K, capacity 2004K, committed 2048K, reserved 1048576K
}
Event: 4.514 GC heap before
{Heap before GC invocations=4 (full 0):
 PSYoungGen      total 37888K, used 37864K [0x00000000e0000000, 0x00000000e2a00000, 0x0000000100000000)
  eden space 32768K, 100% used [0x00000000e0000000,0x00000000e2000000,0x00000000e2000000)
  from space 5120K, 99% used [0x00000000e2000000,0x00000000e24fa020,0x00000000e2500000)
  to   space 5120K, 0% used [0x00000000e2500000,0x00000000e2500000,0x00000000e2a00000)
 ParOldGen       total 86016K, used 2287K [0x00000000a0000000, 0x00000000a5400000, 0x00000000e0000000)
  object space 86016K, 2% used [0x00000000a0000000,0x00000000a023be80,0x00000000a5400000)
 Metaspace       used 16256K, capacity 16588K, committed 16896K, reserved 1062912K
  class space    used 2346K, capacity 2494K, committed 2560K, reserved 1048576K
Event: 4.526 GC heap after
Heap after GC invocations=4 (full 0):
 PSYoungGen      total 37888K, used 5096K [0x00000000e0000000, 0x00000000e2a00000, 0x0000000100000000)
  eden space 32768K, 0% used [0x00000000e0000000,0x00000000e0000000,0x00000000e2000000)
  from space 5120K, 99% used [0x00000000e2500000,0x00000000e29fa020,0x00000000e2a00000)
  to   space 5120K, 0% used [0x00000000e2000000,0x00000000e2000000,0x00000000e2500000)
 ParOldGen       total 86016K, used 5514K [0x00000000a0000000, 0x00000000a5400000, 0x00000000e0000000)
  object space 86016K, 6% used [0x00000000a0000000,0x00000000a0562b70,0x00000000a5400000)
 Metaspace       used 16256K, capacity 16588K, committed 16896K, reserved 1062912K
  class space    used 2346K, capacity 2494K, committed 2560K, reserved 1048576K
}
Event: 5.163 GC heap before
{Heap before GC invocations=5 (full 0):
 PSYoungGen      total 37888K, used 29751K [0x00000000e0000000, 0x00000000e2a00000, 0x0000000100000000)
  eden space 32768K, 75% used [0x00000000e0000000,0x00000000e1813cd8,0x00000000e2000000)
  from space 5120K, 99% used [0x00000000e2500000,0x00000000e29fa020,0x00000000e2a00000)
  to   space 5120K, 0% used [0x00000000e2000000,0x00000000e2000000,0x00000000e2500000)
 ParOldGen       total 86016K, used 5514K [0x00000000a0000000, 0x00000000a5400000, 0x00000000e0000000)
  object space 86016K, 6% used [0x00000000a0000000,0x00000000a0562b70,0x00000000a5400000)
 Metaspace       used 20764K, capacity 21106K, committed 21248K, reserved 1067008K
  class space    used 2893K, capacity 3039K, committed 3072K, reserved 1048576K
Event: 5.176 GC heap after
Heap after GC invocations=5 (full 0):
 PSYoungGen      total 37888K, used 5090K [0x00000000e0000000, 0x00000000e2a00000, 0x0000000100000000)
  eden space 32768K, 0% used [0x00000000e0000000,0x00000000e0000000,0x00000000e2000000)
  from space 5120K, 99% used [0x00000000e2000000,0x00000000e24f8a68,0x00000000e2500000)
  to   space 5120K, 0% used [0x00000000e2500000,0x00000000e2500000,0x00000000e2a00000)
 ParOldGen       total 86016K, used 9346K [0x00000000a0000000, 0x00000000a5400000, 0x00000000e0000000)
  object space 86016K, 10% used [0x00000000a0000000,0x00000000a09209c8,0x00000000a5400000)
 Metaspace       used 20764K, capacity 21106K, committed 21248K, reserved 1067008K
  class space    used 2893K, capacity 3039K, committed 3072K, reserved 1048576K
}
Event: 5.176 GC heap before
{Heap before GC invocations=6 (full 1):
 PSYoungGen      total 37888K, used 5090K [0x00000000e0000000, 0x00000000e2a00000, 0x0000000100000000)
  eden space 32768K, 0% used [0x00000000e0000000,0x00000000e0000000,0x00000000e2000000)
  from space 5120K, 99% used [0x00000000e2000000,0x00000000e24f8a68,0x00000000e2500000)
  to   space 5120K, 0% used [0x00000000e2500000,0x00000000e2500000,0x00000000e2a00000)
 ParOldGen       total 86016K, used 9346K [0x00000000a0000000, 0x00000000a5400000, 0x00000000e0000000)
  object space 86016K, 10% used [0x00000000a0000000,0x00000000a09209c8,0x00000000a5400000)
 Metaspace       used 20764K, capacity 21106K, committed 21248K, reserved 1067008K
  class space    used 2893K, capacity 3039K, committed 3072K, reserved 1048576K
Event: 5.239 GC heap after
Heap after GC invocations=6 (full 1):
 PSYoungGen      total 37888K, used 0K [0x00000000e0000000, 0x00000000e2a00000, 0x0000000100000000)
  eden space 32768K, 0% used [0x00000000e0000000,0x00000000e0000000,0x00000000e2000000)
  from space 5120K, 0% used [0x00000000e2000000,0x00000000e2000000,0x00000000e2500000)
  to   space 5120K, 0% used [0x00000000e2500000,0x00000000e2500000,0x00000000e2a00000)
 ParOldGen       total 63488K, used 9233K [0x00000000a0000000, 0x00000000a3e00000, 0x00000000e0000000)
  object space 63488K, 14% used [0x00000000a0000000,0x00000000a09045b8,0x00000000a3e00000)
 Metaspace       used 20764K, capacity 21106K, committed 21248K, reserved 1067008K
  class space    used 2893K, capacity 3039K, committed 3072K, reserved 1048576K
}
Event: 5.983 GC heap before
{Heap before GC invocations=7 (full 1):
 PSYoungGen      total 37888K, used 32768K [0x00000000e0000000, 0x00000000e2a00000, 0x0000000100000000)
  eden space 32768K, 100% used [0x00000000e0000000,0x00000000e2000000,0x00000000e2000000)
  from space 5120K, 0% used [0x00000000e2000000,0x00000000e2000000,0x00000000e2500000)
  to   space 5120K, 0% used [0x00000000e2500000,0x00000000e2500000,0x00000000e2a00000)
 ParOldGen       total 63488K, used 9233K [0x00000000a0000000, 0x00000000a3e00000, 0x00000000e0000000)
  object space 63488K, 14% used [0x00000000a0000000,0x00000000a09045b8,0x00000000a3e00000)
 Metaspace       used 24011K, capacity 24386K, committed 24704K, reserved 1071104K
  class space    used 3265K, capacity 3405K, committed 3456K, reserved 1048576K
Event: 5.991 GC heap after
Heap after GC invocations=7 (full 1):
 PSYoungGen      total 37888K, used 4131K [0x00000000e0000000, 0x00000000e2a00000, 0x0000000100000000)
  eden space 32768K, 0% used [0x00000000e0000000,0x00000000e0000000,0x00000000e2000000)
  from space 5120K, 80% used [0x00000000e2500000,0x00000000e2908e40,0x00000000e2a00000)
  to   space 5120K, 0% used [0x00000000e2000000,0x00000000e2000000,0x00000000e2500000)
 ParOldGen       total 63488K, used 9241K [0x00000000a0000000, 0x00000000a3e00000, 0x00000000e0000000)
  object space 63488K, 14% used [0x00000000a0000000,0x00000000a09065b8,0x00000000a3e00000)
 Metaspace       used 24011K, capacity 24386K, committed 24704K, reserved 1071104K
  class space    used 3265K, capacity 3405K, committed 3456K, reserved 1048576K
}

