# JRE version: OpenJDK Runtime Environment (8.0_152-b02) (build 1.8.0_152-release-1024-b02)
# Java VM: OpenJDK 64-Bit Server VM (25.152-b02 mixed mode windows-amd64 compressed oops)
Heap:
 PSYoungGen      total 32256K, used 11681K [0x00000000e0000000, 0x00000000e4400000, 0x0000000100000000)
  eden space 27136K, 28% used [0x00000000e0000000,0x00000000e076de98,0x00000000e1a80000)
  from space 5120K, 79% used [0x00000000e2500000,0x00000000e28fa910,0x00000000e2a00000)
  to   space 10752K, 0% used [0x00000000e1a80000,0x00000000e1a80000,0x00000000e2500000)
 ParOldGen       total 65024K, used 9239K [0x00000000a0000000, 0x00000000a3f80000, 0x00000000e0000000)
  object space 65024K, 14% used [0x00000000a0000000,0x00000000a0905d38,0x00000000a3f80000)
 Metaspace       used 24562K, capacity 24972K, committed 25344K, reserved 1071104K
  class space    used 3348K, capacity 3534K, committed 3584K, reserved 1048576K
GC Heap History (10 events):
Event: 3.978 GC heap before
{Heap before GC invocations=3 (full 0):
 PSYoungGen      total 37888K, used 37883K [0x00000000e0000000, 0x00000000e2a00000, 0x0000000100000000)
  eden space 32768K, 100% used [0x00000000e0000000,0x00000000e2000000,0x00000000e2000000)
  from space 5120K, 99% used [0x00000000e2500000,0x00000000e29fed70,0x00000000e2a00000)
  to   space 5120K, 0% used [0x00000000e2000000,0x00000000e2000000,0x00000000e2500000)
 ParOldGen       total 86016K, used 129K [0x00000000a0000000, 0x00000000a5400000, 0x00000000e0000000)
  object space 86016K, 0% used [0x00000000a0000000,0x00000000a0020460,0x00000000a5400000)
 Metaspace       used 13297K, capacity 13664K, committed 13824K, reserved 1060864K
  class space    used 1866K, capacity 2004K, committed 2048K, reserved 1048576K
Event: 3.987 GC heap after
Heap after GC invocations=3 (full 0):
 PSYoungGen      total 37888K, used 5112K [0x00000000e0000000, 0x00000000e2a00000, 0x0000000100000000)
  eden space 32768K, 0% used [0x00000000e0000000,0x00000000e0000000,0x00000000e2000000)
  from space 5120K, 99% used [0x00000000e2000000,0x00000000e24fe030,0x00000000e2500000)
  to   space 5120K, 0% used [0x00000000e2500000,0x00000000e2500000,0x00000000e2a00000)
 ParOldGen       total 86016K, used 2308K [0x00000000a0000000, 0x00000000a5400000, 0x00000000e0000000)
  object space 86016K, 2% used [0x00000000a0000000,0x00000000a02413f0,0x00000000a5400000)
 Metaspace       used 13297K, capacity 13664K, committed 13824K, reserved 1060864K
  class space    used 1866K, capacity 2004K, committed 2048K, reserved 1048576K
}
Event: 4.615 GC heap before
{Heap before GC invocations=4 (full 0):
 PSYoungGen      total 37888K, used 37880K [0x00000000e0000000, 0x00000000e2a00000, 0x0000000100000000)
  eden space 32768K, 100% used [0x00000000e0000000,0x00000000e2000000,0x00000000e2000000)
  from space 5120K, 99% used [0x00000000e2000000,0x00000000e24fe030,0x00000000e2500000)
  to   space 5120K, 0% used [0x00000000e2500000,0x00000000e2500000,0x00000000e2a00000)
 ParOldGen       total 86016K, used 2308K [0x00000000a0000000, 0x00000000a5400000, 0x00000000e0000000)
  object space 86016K, 2% used [0x00000000a0000000,0x00000000a02413f0,0x00000000a5400000)
 Metaspace       used 16252K, capacity 16592K, committed 16896K, reserved 1062912K
  class space    used 2346K, capacity 2494K, committed 2560K, reserved 1048576K
Event: 4.629 GC heap after
Heap after GC invocations=4 (full 0):
 PSYoungGen      total 37888K, used 5112K [0x00000000e0000000, 0x00000000e2a00000, 0x0000000100000000)
  eden space 32768K, 0% used [0x00000000e0000000,0x00000000e0000000,0x00000000e2000000)
  from space 5120K, 99% used [0x00000000e2500000,0x00000000e29fe050,0x00000000e2a00000)
  to   space 5120K, 0% used [0x00000000e2000000,0x00000000e2000000,0x00000000e2500000)
 ParOldGen       total 86016K, used 5502K [0x00000000a0000000, 0x00000000a5400000, 0x00000000e0000000)
  object space 86016K, 6% used [0x00000000a0000000,0x00000000a055f860,0x00000000a5400000)
 Metaspace       used 16252K, capacity 16592K, committed 16896K, reserved 1062912K
  class space    used 2346K, capacity 2494K, committed 2560K, reserved 1048576K
}
Event: 5.262 GC heap before
{Heap before GC invocations=5 (full 0):
 PSYoungGen      total 37888K, used 29702K [0x00000000e0000000, 0x00000000e2a00000, 0x0000000100000000)
  eden space 32768K, 75% used [0x00000000e0000000,0x00000000e18037c8,0x00000000e2000000)
  from space 5120K, 99% used [0x00000000e2500000,0x00000000e29fe050,0x00000000e2a00000)
  to   space 5120K, 0% used [0x00000000e2000000,0x00000000e2000000,0x00000000e2500000)
 ParOldGen       total 86016K, used 5502K [0x00000000a0000000, 0x00000000a5400000, 0x00000000e0000000)
  object space 86016K, 6% used [0x00000000a0000000,0x00000000a055f860,0x00000000a5400000)
 Metaspace       used 20763K, capacity 21110K, committed 21248K, reserved 1067008K
  class space    used 2892K, capacity 3039K, committed 3072K, reserved 1048576K
Event: 5.275 GC heap after
Heap after GC invocations=5 (full 0):
 PSYoungGen      total 37888K, used 5090K [0x00000000e0000000, 0x00000000e2a00000, 0x0000000100000000)
  eden space 32768K, 0% used [0x00000000e0000000,0x00000000e0000000,0x00000000e2000000)
  from space 5120K, 99% used [0x00000000e2000000,0x00000000e24f8a68,0x00000000e2500000)
  to   space 5120K, 0% used [0x00000000e2500000,0x00000000e2500000,0x00000000e2a00000)
 ParOldGen       total 86016K, used 9320K [0x00000000a0000000, 0x00000000a5400000, 0x00000000e0000000)
  object space 86016K, 10% used [0x00000000a0000000,0x00000000a091a2f8,0x00000000a5400000)
 Metaspace       used 20763K, capacity 21110K, committed 21248K, reserved 1067008K
  class space    used 2892K, capacity 3039K, committed 3072K, reserved 1048576K
}
Event: 5.275 GC heap before
{Heap before GC invocations=6 (full 1):
 PSYoungGen      total 37888K, used 5090K [0x00000000e0000000, 0x00000000e2a00000, 0x0000000100000000)
  eden space 32768K, 0% used [0x00000000e0000000,0x00000000e0000000,0x00000000e2000000)
  from space 5120K, 99% used [0x00000000e2000000,0x00000000e24f8a68,0x00000000e2500000)
  to   space 5120K, 0% used [0x00000000e2500000,0x00000000e2500000,0x00000000e2a00000)
 ParOldGen       total 86016K, used 9320K [0x00000000a0000000, 0x00000000a5400000, 0x00000000e0000000)
  object space 86016K, 10% used [0x00000000a0000000,0x00000000a091a2f8,0x00000000a5400000)
 Metaspace       used 20763K, capacity 21110K, committed 21248K, reserved 1067008K
  class space    used 2892K, capacity 3039K, committed 3072K, reserved 1048576K
Event: 5.351 GC heap after
Heap after GC invocations=6 (full 1):
 PSYoungGen      total 37888K, used 0K [0x00000000e0000000, 0x00000000e2a00000, 0x0000000100000000)
  eden space 32768K, 0% used [0x00000000e0000000,0x00000000e0000000,0x00000000e2000000)
  from space 5120K, 0% used [0x00000000e2000000,0x00000000e2000000,0x00000000e2500000)
  to   space 5120K, 0% used [0x00000000e2500000,0x00000000e2500000,0x00000000e2a00000)
 ParOldGen       total 65024K, used 9231K [0x00000000a0000000, 0x00000000a3f80000, 0x00000000e0000000)
  object space 65024K, 14% used [0x00000000a0000000,0x00000000a0903d38,0x00000000a3f80000)
 Metaspace       used 20763K, capacity 21110K, committed 21248K, reserved 1067008K
  class space    used 2892K, capacity 3039K, committed 3072K, reserved 1048576K
}
Event: 5.997 GC heap before
{Heap before GC invocations=7 (full 1):
 PSYoungGen      total 37888K, used 32768K [0x00000000e0000000, 0x00000000e2a00000, 0x0000000100000000)
  eden space 32768K, 100% used [0x00000000e0000000,0x00000000e2000000,0x00000000e2000000)
  from space 5120K, 0% used [0x00000000e2000000,0x00000000e2000000,0x00000000e2500000)
  to   space 5120K, 0% used [0x00000000e2500000,0x00000000e2500000,0x00000000e2a00000)
 ParOldGen       total 65024K, used 9231K [0x00000000a0000000, 0x00000000a3f80000, 0x00000000e0000000)
  object space 65024K, 14% used [0x00000000a0000000,0x00000000a0903d38,0x00000000a3f80000)
 Metaspace       used 23956K, capacity 24422K, committed 24704K, reserved 1071104K
  class space    used 3254K, capacity 3437K, committed 3456K, reserved 1048576K
Event: 6.006 GC heap after
Heap after GC invocations=7 (full 1):
 PSYoungGen      total 32256K, used 4074K [0x00000000e0000000, 0x00000000e4400000, 0x0000000100000000)
  eden space 27136K, 0% used [0x00000000e0000000,0x00000000e0000000,0x00000000e1a80000)
  from space 5120K, 79% used [0x00000000e2500000,0x00000000e28fa910,0x00000000e2a00000)
  to   space 10752K, 0% used [0x00000000e1a80000,0x00000000e1a80000,0x00000000e2500000)
 ParOldGen       total 65024K, used 9239K [0x00000000a0000000, 0x00000000a3f80000, 0x00000000e0000000)
  object space 65024K, 14% used [0x00000000a0000000,0x00000000a0905d38,0x00000000a3f80000)
 Metaspace       used 23956K, capacity 24422K, committed 24704K, reserved 1071104K
  class space    used 3254K, capacity 3437K, committed 3456K, reserved 1048576K
}

